<?xml version="1.0" encoding="UTF-8"?>
<testsuite name="Verify login session for colorlib page" tests="1" skipped="0" failures="0" errors="0" timestamp="2022-12-20T01:11:25" hostname="CHBOGPF34MNC5" time="25.39">
  <properties/>
  <testcase name="Verify correct login" classname="Verify login session for colorlib page" time="25.39"/>
  <system-out><![CDATA[Validación Correcta del campo: ValidForms.Requiredv
Validación Correcta del campo: ValidForms.Selectv
Validación Correcta del campo: ValidForms.MultSelectv
Validación Correcta del campo: ValidForms.Url1v
Validación Correcta del campo: ValidForms.Emailv
Validación Correcta del campo: ValidForms.Passwordv
Validación Correcta del campo: ValidForms.ConfPasswordv
Validación Correcta del campo: ValidForms.Minimumv
Validación Correcta del campo: ValidForms.Maximumv
Validación Correcta del campo: ValidForms.Numberv
Validación Correcta del campo: ValidForms.IPv
Validación Correcta del campo: ValidForms.datev
Validación Correcta del campo: ValidForms.DateEarlierv
]]></system-out>
  <system-err><![CDATA[dic 19, 2022 8:11:25 PM org.openqa.selenium.remote.DesiredCapabilities chrome
INFORMACIÓN: Using `new ChromeOptions()` is preferred to `DesiredCapabilities.chrome()`
Starting ChromeDriver 108.0.5359.71 (1e0e3868ee06e91ad636a874420e3ca3ae3756ac-refs/branch-heads/5359@{#1016}) on port 40279
Only local connections are allowed.
Please see https://chromedriver.chromium.org/security-considerations for suggestions on keeping ChromeDriver safe.
ChromeDriver was started successfully.
dic 19, 2022 8:11:28 PM org.openqa.selenium.remote.ProtocolHandshake createSession
INFORMACIÓN: Detected dialect: W3C
[Test worker] INFO net.serenitybdd.core.Serenity - 
        __    _____ _____ ____ _____   ____   _    ____  ____  _____ ____  
  _     \ \  |_   _| ____/ ___|_   _| |  _ \ / \  / ___|/ ___|| ____|  _ \ 
 (_)_____| |   | | |  _| \___ \ | |   | |_) / _ \ \___ \\___ \|  _| | | | |
  _|_____| |   | | | |___ ___) || |   |  __/ ___ \ ___) |___) | |___| |_| |
 (_)     | |   |_| |_____|____/ |_|   |_| /_/   \_\____/|____/|_____|____/ 
        /_/                                                                

TEST PASSED: Verify correct login
----------------------------------------------------------------------------
]]></system-err>
</testsuite>
