<?xml version="1.0" encoding="UTF-8"?>
<testsuite name="Verify login session for colorlib page" tests="1" skipped="0" failures="0" errors="0" timestamp="2022-10-11T12:47:06" hostname="CHBOGPF34MNC5" time="31.627">
  <properties/>
  <testcase name="Verify correct login" classname="Verify login session for colorlib page" time="31.627"/>
  <system-out><![CDATA[Validación del campo ValidForms.Requiredv correcta: 
Validación del campo ValidForms.Selectv correcta: 
Validación del campo ValidForms.MultSelectv correcta: 
Validación del campo ValidForms.Url1v correcta: 
Validación del campo ValidForms.Emailv correcta: 
Validación del campo ValidForms.Passwordv correcta: 
Validación del campo ValidForms.ConfPasswordv correcta: 
Validar el campo: ValidForms.Minimumv
Validación del campo ValidForms.Maximumv correcta: 
Validación del campo ValidForms.Numberv correcta: 
Validación del campo ValidForms.IPv correcta: 
Validación del campo ValidForms.datev correcta: 
Validación del campo ValidForms.DateEarlierv correcta: 
]]></system-out>
  <system-err><![CDATA[oct 11, 2022 7:47:07 AM org.openqa.selenium.remote.DesiredCapabilities chrome
INFORMACIÓN: Using `new ChromeOptions()` is preferred to `DesiredCapabilities.chrome()`
Starting ChromeDriver 106.0.5249.61 (511755355844955cd3e264779baf0dd38212a4d0-refs/branch-heads/5249@{#569}) on port 43124
Only local connections are allowed.
Please see https://chromedriver.chromium.org/security-considerations for suggestions on keeping ChromeDriver safe.
ChromeDriver was started successfully.
oct 11, 2022 7:47:10 AM org.openqa.selenium.remote.ProtocolHandshake createSession
INFORMACIÓN: Detected dialect: W3C
[Test worker] INFO net.serenitybdd.core.Serenity - 
        __    _____ _____ ____ _____   ____   _    ____  ____  _____ ____  
  _     \ \  |_   _| ____/ ___|_   _| |  _ \ / \  / ___|/ ___|| ____|  _ \ 
 (_)_____| |   | | |  _| \___ \ | |   | |_) / _ \ \___ \\___ \|  _| | | | |
  _|_____| |   | | | |___ ___) || |   |  __/ ___ \ ___) |___) | |___| |_| |
 (_)     | |   |_| |_____|____/ |_|   |_| /_/   \_\____/|____/|_____|____/ 
        /_/                                                                

TEST PASSED: Verify correct login
----------------------------------------------------------------------------
]]></system-err>
</testsuite>
